2021-12-11 11:26:47.920  INFO 5458 --- [main] c.h.a.c.CustomScannersServiceApplication : Starting CustomScannersServiceApplication on OmenX with PID 5458 (/home/jomofa/.vscode/extensions/hcltechnologies.hclappscancodesweep-1.2.0/lib/custom-scanners-service-1.0.12.jar started by jomofa in /home/jomofa/Documents/prop/EducateWithPlanets)
2021-12-11 11:26:47.930  INFO 5458 --- [main] c.h.a.c.CustomScannersServiceApplication : No active profile set, falling back to default profiles: default
2021-12-11 11:26:50.755  INFO 5458 --- [main] o.s.b.w.embedded.tomcat.TomcatWebServer  : Tomcat initialized with port(s): 9221 (http)
2021-12-11 11:26:50.772  INFO 5458 --- [main] o.apache.catalina.core.StandardService   : Starting service [Tomcat]
2021-12-11 11:26:50.773  INFO 5458 --- [main] org.apache.catalina.core.StandardEngine  : Starting Servlet engine: [Apache Tomcat/9.0.29]
2021-12-11 11:26:50.837  INFO 5458 --- [main] o.a.c.c.C.[Tomcat].[localhost].[/]       : Initializing Spring embedded WebApplicationContext
2021-12-11 11:26:50.855 DEBUG 5458 --- [main] o.s.web.context.ContextLoader            : Published root WebApplicationContext as ServletContext attribute with name [org.springframework.web.context.WebApplicationContext.ROOT]
2021-12-11 11:26:50.859  INFO 5458 --- [main] o.s.web.context.ContextLoader            : Root WebApplicationContext: initialization completed in 2849 ms
2021-12-11 11:26:51.116 DEBUG 5458 --- [main] o.s.b.w.s.ServletContextInitializerBeans : Mapping filters: filterRegistrationBean urls=[/*] order=-2147483647, characterEncodingFilter urls=[/*] order=-2147483648, formContentFilter urls=[/*] order=-9900, requestContextFilter urls=[/*] order=-105
2021-12-11 11:26:51.117 DEBUG 5458 --- [main] o.s.b.w.s.ServletContextInitializerBeans : Mapping servlets: dispatcherServlet urls=[/]
2021-12-11 11:26:52.008  INFO 5458 --- [Thread-0] c.h.a.s.s.services.ArticleResource       : Completed reading English articles
2021-12-11 11:26:52.009 DEBUG 5458 --- [main] s.w.s.m.m.a.RequestMappingHandlerMapping : 22 mappings in 'requestMappingHandlerMapping'
2021-12-11 11:26:52.058  INFO 5458 --- [main] o.s.b.a.e.web.EndpointLinksResolver      : Exposing 2 endpoint(s) beneath base path '/actuator'
2021-12-11 11:26:52.123  INFO 5458 --- [main] pertySourcedRequestMappingHandlerMapping : Mapped URL path [/v2/api-docs] onto method [springfox.documentation.swagger2.web.Swagger2Controller#getDocumentation(String, HttpServletRequest)]
2021-12-11 11:26:52.207  INFO 5458 --- [main] o.s.s.concurrent.ThreadPoolTaskExecutor  : Initializing ExecutorService 'applicationTaskExecutor'
2021-12-11 11:26:52.228 DEBUG 5458 --- [main] s.w.s.m.m.a.RequestMappingHandlerAdapter : ControllerAdvice beans: 0 @ModelAttribute, 0 @InitBinder, 1 RequestBodyAdvice, 1 ResponseBodyAdvice
2021-12-11 11:26:52.343 DEBUG 5458 --- [main] o.s.w.s.handler.SimpleUrlHandlerMapping  : Patterns [/webjars/**, /**] in 'resourceHandlerMapping'
2021-12-11 11:26:52.352 DEBUG 5458 --- [main] .m.m.a.ExceptionHandlerExceptionResolver : ControllerAdvice beans: 1 @ExceptionHandler, 1 ResponseBodyAdvice
2021-12-11 11:26:52.428  INFO 5458 --- [main] d.s.w.p.DocumentationPluginsBootstrapper : Context refreshed
2021-12-11 11:26:52.446  INFO 5458 --- [main] d.s.w.p.DocumentationPluginsBootstrapper : Found 1 custom documentation plugin(s)
2021-12-11 11:26:52.475  INFO 5458 --- [main] s.d.s.w.s.ApiListingReferenceScanner     : Scanning for api listing references
2021-12-11 11:26:52.658  INFO 5458 --- [main] o.s.b.w.embedded.tomcat.TomcatWebServer  : Tomcat started on port(s): 9221 (http) with context path ''
2021-12-11 11:26:52.663  INFO 5458 --- [main] c.h.a.c.CustomScannersServiceApplication : Started CustomScannersServiceApplication in 5.527 seconds (JVM running for 6.18)
2021-12-11 11:26:52.759  INFO 5458 --- [http-nio-9221-exec-1] o.a.c.c.C.[Tomcat].[localhost].[/]       : Initializing Spring DispatcherServlet 'dispatcherServlet'
2021-12-11 11:26:52.759  INFO 5458 --- [http-nio-9221-exec-1] o.s.web.servlet.DispatcherServlet        : Initializing Servlet 'dispatcherServlet'
2021-12-11 11:26:52.759 DEBUG 5458 --- [http-nio-9221-exec-1] o.s.web.servlet.DispatcherServlet        : Detected StandardServletMultipartResolver
2021-12-11 11:26:52.759 DEBUG 5458 --- [http-nio-9221-exec-1] o.s.web.servlet.DispatcherServlet        : Detected CookieLocaleResolver
2021-12-11 11:26:52.760 DEBUG 5458 --- [http-nio-9221-exec-1] o.s.web.servlet.DispatcherServlet        : Detected CookieThemeResolver
2021-12-11 11:26:52.763 DEBUG 5458 --- [http-nio-9221-exec-1] o.s.web.servlet.DispatcherServlet        : enableLoggingRequestDetails='false': request parameters and headers will be masked to prevent unsafe logging of potentially sensitive data
2021-12-11 11:26:52.764  INFO 5458 --- [http-nio-9221-exec-1] o.s.web.servlet.DispatcherServlet        : Completed initialization in 5 ms
2021-12-11 11:26:52.774 DEBUG 5458 --- [http-nio-9221-exec-1] o.s.web.servlet.DispatcherServlet        : GET "/v1/scanRules", parameters={}
2021-12-11 11:26:52.779 DEBUG 5458 --- [http-nio-9221-exec-1] s.w.s.m.m.a.RequestMappingHandlerMapping : Mapped to com.hcl.appscan.customscannersservice.controller.CustomScannersController#getScanRules(String[])
2021-12-11 11:26:52.801 DEBUG 5458 --- [http-nio-9221-exec-1] o.s.w.s.m.m.a.HttpEntityMethodProcessor  : Using 'application/json', given [application/json] and supported [application/json]
2021-12-11 11:26:52.807 DEBUG 5458 --- [http-nio-9221-exec-1] o.s.w.s.m.m.a.HttpEntityMethodProcessor  : Writing [{Golang={com.ouncelabs.languagelite.golang.rules.WeakCryptoGolang=CustomScannersServiceScanRule{rule (truncated)...]
2021-12-11 11:26:52.905 DEBUG 5458 --- [http-nio-9221-exec-1] o.s.web.servlet.DispatcherServlet        : Completed 200 OK
2021-12-11 20:01:32.820  INFO 3682 --- [main] c.h.a.c.CustomScannersServiceApplication : Starting CustomScannersServiceApplication on OmenX with PID 3682 (/home/jomofa/.vscode/extensions/hcltechnologies.hclappscancodesweep-1.2.0/lib/custom-scanners-service-1.0.12.jar started by jomofa in /home/jomofa/Documents/prop/EducateWithPlanets)
2021-12-11 20:01:32.824  INFO 3682 --- [main] c.h.a.c.CustomScannersServiceApplication : No active profile set, falling back to default profiles: default
2021-12-11 20:01:32.987  INFO 3682 --- [Thread-0] c.h.a.s.s.services.ArticleResource       : Completed reading English articles
2021-12-11 20:01:45.303  INFO 3682 --- [main] o.s.b.w.embedded.tomcat.TomcatWebServer  : Tomcat initialized with port(s): 9221 (http)
2021-12-11 20:01:45.516  INFO 3682 --- [main] o.apache.catalina.core.StandardService   : Starting service [Tomcat]
2021-12-11 20:01:45.517  INFO 3682 --- [main] org.apache.catalina.core.StandardEngine  : Starting Servlet engine: [Apache Tomcat/9.0.29]
2021-12-11 20:01:46.232  INFO 3682 --- [main] o.a.c.c.C.[Tomcat].[localhost].[/]       : Initializing Spring embedded WebApplicationContext
2021-12-11 20:01:46.233 DEBUG 3682 --- [main] o.s.web.context.ContextLoader            : Published root WebApplicationContext as ServletContext attribute with name [org.springframework.web.context.WebApplicationContext.ROOT]
2021-12-11 20:01:46.233  INFO 3682 --- [main] o.s.web.context.ContextLoader            : Root WebApplicationContext: initialization completed in 13081 ms
2021-12-11 20:01:47.037 DEBUG 3682 --- [main] o.s.b.w.s.ServletContextInitializerBeans : Mapping filters: filterRegistrationBean urls=[/*] order=-2147483647, characterEncodingFilter urls=[/*] order=-2147483648, formContentFilter urls=[/*] order=-9900, requestContextFilter urls=[/*] order=-105
2021-12-11 20:01:47.037 DEBUG 3682 --- [main] o.s.b.w.s.ServletContextInitializerBeans : Mapping servlets: dispatcherServlet urls=[/]
2021-12-11 20:01:51.714 DEBUG 3682 --- [main] s.w.s.m.m.a.RequestMappingHandlerMapping : 22 mappings in 'requestMappingHandlerMapping'
2021-12-11 20:01:51.840  INFO 3682 --- [main] o.s.b.a.e.web.EndpointLinksResolver      : Exposing 2 endpoint(s) beneath base path '/actuator'
2021-12-11 20:01:52.187  INFO 3682 --- [main] pertySourcedRequestMappingHandlerMapping : Mapped URL path [/v2/api-docs] onto method [springfox.documentation.swagger2.web.Swagger2Controller#getDocumentation(String, HttpServletRequest)]
2021-12-11 20:01:52.300  INFO 3682 --- [main] o.s.s.concurrent.ThreadPoolTaskExecutor  : Initializing ExecutorService 'applicationTaskExecutor'
2021-12-11 20:01:52.333 DEBUG 3682 --- [main] s.w.s.m.m.a.RequestMappingHandlerAdapter : ControllerAdvice beans: 0 @ModelAttribute, 0 @InitBinder, 1 RequestBodyAdvice, 1 ResponseBodyAdvice
2021-12-11 20:01:52.845 DEBUG 3682 --- [main] o.s.w.s.handler.SimpleUrlHandlerMapping  : Patterns [/webjars/**, /**] in 'resourceHandlerMapping'
2021-12-11 20:01:52.854 DEBUG 3682 --- [main] .m.m.a.ExceptionHandlerExceptionResolver : ControllerAdvice beans: 1 @ExceptionHandler, 1 ResponseBodyAdvice
2021-12-11 20:01:53.788  INFO 3682 --- [main] d.s.w.p.DocumentationPluginsBootstrapper : Context refreshed
2021-12-11 20:01:54.263  INFO 3682 --- [main] d.s.w.p.DocumentationPluginsBootstrapper : Found 1 custom documentation plugin(s)
2021-12-11 20:01:54.313  INFO 3682 --- [main] s.d.s.w.s.ApiListingReferenceScanner     : Scanning for api listing references
2021-12-11 20:01:55.833  INFO 3682 --- [main] o.s.b.w.embedded.tomcat.TomcatWebServer  : Tomcat started on port(s): 9221 (http) with context path ''
2021-12-11 20:01:55.836  INFO 3682 --- [main] c.h.a.c.CustomScannersServiceApplication : Started CustomScannersServiceApplication in 33.672 seconds (JVM running for 89.219)
2021-12-11 20:01:56.152  INFO 3682 --- [http-nio-9221-exec-1] o.a.c.c.C.[Tomcat].[localhost].[/]       : Initializing Spring DispatcherServlet 'dispatcherServlet'
2021-12-11 20:01:56.153  INFO 3682 --- [http-nio-9221-exec-1] o.s.web.servlet.DispatcherServlet        : Initializing Servlet 'dispatcherServlet'
2021-12-11 20:01:56.154 DEBUG 3682 --- [http-nio-9221-exec-1] o.s.web.servlet.DispatcherServlet        : Detected StandardServletMultipartResolver
2021-12-11 20:01:56.154 DEBUG 3682 --- [http-nio-9221-exec-1] o.s.web.servlet.DispatcherServlet        : Detected CookieLocaleResolver
2021-12-11 20:01:56.154 DEBUG 3682 --- [http-nio-9221-exec-1] o.s.web.servlet.DispatcherServlet        : Detected CookieThemeResolver
2021-12-11 20:01:56.158 DEBUG 3682 --- [http-nio-9221-exec-1] o.s.web.servlet.DispatcherServlet        : enableLoggingRequestDetails='false': request parameters and headers will be masked to prevent unsafe logging of potentially sensitive data
2021-12-11 20:01:56.158  INFO 3682 --- [http-nio-9221-exec-1] o.s.web.servlet.DispatcherServlet        : Completed initialization in 4 ms
2021-12-11 20:01:56.174 DEBUG 3682 --- [http-nio-9221-exec-1] o.s.web.servlet.DispatcherServlet        : GET "/v1/scanRules", parameters={}
2021-12-11 20:01:56.180 DEBUG 3682 --- [http-nio-9221-exec-1] s.w.s.m.m.a.RequestMappingHandlerMapping : Mapped to com.hcl.appscan.customscannersservice.controller.CustomScannersController#getScanRules(String[])
2021-12-11 20:01:56.362 DEBUG 3682 --- [http-nio-9221-exec-1] o.s.w.s.m.m.a.HttpEntityMethodProcessor  : Using 'application/json', given [application/json] and supported [application/json]
2021-12-11 20:01:56.378 DEBUG 3682 --- [http-nio-9221-exec-1] o.s.w.s.m.m.a.HttpEntityMethodProcessor  : Writing [{Golang={com.ouncelabs.languagelite.golang.rules.WeakCryptoGolang=CustomScannersServiceScanRule{rule (truncated)...]
2021-12-11 20:01:57.084 DEBUG 3682 --- [http-nio-9221-exec-1] o.s.web.servlet.DispatcherServlet        : Completed 200 OK
2021-12-11 20:10:01.693 DEBUG 3682 --- [http-nio-9221-exec-2] o.s.web.servlet.DispatcherServlet        : POST "/v1/scanFile", parameters={masked}
2021-12-11 20:10:01.701 DEBUG 3682 --- [http-nio-9221-exec-2] s.w.s.m.m.a.RequestMappingHandlerMapping : Mapped to com.hcl.appscan.customscannersservice.controller.CustomScannersController#runScanFile(MultipartFile, String, int[])
2021-12-11 20:10:01.958 DEBUG 3682 --- [http-nio-9221-exec-2] o.s.w.s.m.m.a.HttpEntityMethodProcessor  : Using 'application/json', given [application/json] and supported [application/json]
2021-12-11 20:10:01.961 DEBUG 3682 --- [http-nio-9221-exec-2] o.s.w.s.m.m.a.HttpEntityMethodProcessor  : Writing [CustomScannerServiceResult{findings=[CustomScannersServiceFinding{file='index.html', lineNumber='88' (truncated)...]
2021-12-11 20:10:01.970 DEBUG 3682 --- [http-nio-9221-exec-2] o.s.web.servlet.DispatcherServlet        : Completed 200 OK
2021-12-11 20:18:52.305 DEBUG 3682 --- [http-nio-9221-exec-3] o.s.web.servlet.DispatcherServlet        : POST "/v1/scanFile", parameters={masked}
2021-12-11 20:18:52.323 DEBUG 3682 --- [http-nio-9221-exec-3] s.w.s.m.m.a.RequestMappingHandlerMapping : Mapped to com.hcl.appscan.customscannersservice.controller.CustomScannersController#runScanFile(MultipartFile, String, int[])
2021-12-11 20:18:52.525 DEBUG 3682 --- [http-nio-9221-exec-3] o.s.w.s.m.m.a.HttpEntityMethodProcessor  : Using 'application/json', given [application/json] and supported [application/json]
2021-12-11 20:18:52.526 DEBUG 3682 --- [http-nio-9221-exec-3] o.s.w.s.m.m.a.HttpEntityMethodProcessor  : Writing [CustomScannerServiceResult{findings=[CustomScannersServiceFinding{file='index.html', lineNumber='88' (truncated)...]
2021-12-11 20:18:52.530 DEBUG 3682 --- [http-nio-9221-exec-3] o.s.web.servlet.DispatcherServlet        : Completed 200 OK
2021-12-11 20:19:07.376 DEBUG 3682 --- [http-nio-9221-exec-4] o.s.web.servlet.DispatcherServlet        : GET "/v1/ignore/ruleName", parameters={}
2021-12-11 20:19:07.377 DEBUG 3682 --- [http-nio-9221-exec-4] s.w.s.m.m.a.RequestMappingHandlerMapping : Mapped to com.hcl.appscan.customscannersservice.controller.CustomScannersController#getRuleNameIgnoreRules()
2021-12-11 20:19:07.377 DEBUG 3682 --- [http-nio-9221-exec-4] o.s.w.s.m.m.a.HttpEntityMethodProcessor  : Using 'application/json', given [application/json] and supported [application/json]
2021-12-11 20:19:07.378 DEBUG 3682 --- [http-nio-9221-exec-4] o.s.w.s.m.m.a.HttpEntityMethodProcessor  : Writing [[]]
2021-12-11 20:19:07.379 DEBUG 3682 --- [http-nio-9221-exec-4] o.s.web.servlet.DispatcherServlet        : Completed 200 OK
2021-12-11 20:19:07.689 DEBUG 3682 --- [http-nio-9221-exec-5] o.s.web.servlet.DispatcherServlet        : POST "/v1/scanFile", parameters={}
2021-12-11 20:19:07.697 DEBUG 3682 --- [http-nio-9221-exec-5] .m.m.a.ExceptionHandlerExceptionResolver : Using @ExceptionHandler com.hcl.appscan.customscannersservice.controller.CustomScannersControllerAdvice#handleInvalidFile(MultipartException)
2021-12-11 20:19:07.708 DEBUG 3682 --- [http-nio-9221-exec-5] o.s.w.s.m.m.a.HttpEntityMethodProcessor  : Using 'application/json', given [application/json] and supported [application/json, application/*+json, application/json, application/*+json]
2021-12-11 20:19:07.710 DEBUG 3682 --- [http-nio-9221-exec-5] o.s.w.s.m.m.a.HttpEntityMethodProcessor  : Writing [com.hcl.appscan.customscannersservice.controller.CustomScannersControllerAdvice$ErrorMessage@7b44092 (truncated)...]
2021-12-11 20:19:07.722 DEBUG 3682 --- [http-nio-9221-exec-5] .m.m.a.ExceptionHandlerExceptionResolver : Resolved [org.springframework.web.multipart.MaxUploadSizeExceededException: Maximum upload size exceeded; nested exception is java.lang.IllegalStateException: org.apache.tomcat.util.http.fileupload.FileUploadBase$SizeLimitExceededException: the request was rejected because its size (39247169) exceeds the configured maximum (10485760)]
2021-12-11 20:19:07.727 DEBUG 3682 --- [http-nio-9221-exec-5] o.s.web.servlet.DispatcherServlet        : Completed 400 BAD_REQUEST
